<?xml version="1.0" encoding="UTF-8"?>
<testng-results skipped="0" failed="0" total="1" passed="1">
  <reporter-output>
  </reporter-output>
  <suite name="Default suite" duration-ms="41" started-at="2018-05-15T03:43:23Z" finished-at="2018-05-15T03:43:23Z">
    <groups>
    </groups>
    <test name="Default test" duration-ms="41" started-at="2018-05-15T03:43:23Z" finished-at="2018-05-15T03:43:23Z">
      <class name="com.cfl.Lesson5MavenDemo.MavenTestNGDemo1">
        <test-method status="PASS" signature="HelloWorld()[pri:0, instance:com.cfl.Lesson5MavenDemo.MavenTestNGDemo1@204f30ec]" name="HelloWorld" duration-ms="22" started-at="2018-05-15T11:43:23Z" finished-at="2018-05-15T11:43:23Z">
          <reporter-output>
          </reporter-output>
        </test-method> <!-- HelloWorld -->
      </class> <!-- com.cfl.Lesson5MavenDemo.MavenTestNGDemo1 -->
    </test> <!-- Default test -->
  </suite> <!-- Default suite -->
</testng-results>
